Change Component Comment : Designator=R1 Old Comment=Res New Comment=1K
Change Component Comment : Designator=R2 Old Comment=Res New Comment=4K7
Change Component Comment : Designator=R3 Old Comment=Res New Comment=4K7
Change Component Comment : Designator=R4 Old Comment=Res New Comment=4K7
Change Component Comment : Designator=R5 Old Comment=Res New Comment=4K7
Change Component Designator: OldDesignator=C14 NewDesignator=C10
Change Component Designator: OldDesignator=C15 NewDesignator=C11
Change Component Designator: OldDesignator=C16 NewDesignator=C12
Added Component: Designator=LED2(LED-3MM-YELLOW)
Add component (AddParameter): Name = "Value"; Value = "LED 3 ly Single Colour"; VariantName = "[No Variations]"
Added Component: Designator=LED3(LED-3MM-YELLOW)
Add component (AddParameter): Name = "Value"; Value = "LED 3 ly Single Colour"; VariantName = "[No Variations]"
Added Component: Designator=LED4(LED-3MM-YELLOW)
Add component (AddParameter): Name = "Value"; Value = "LED 3 ly Single Colour"; VariantName = "[No Variations]"
Added Component: Designator=LED5(LED-3MM-YELLOW)
Add component (AddParameter): Name = "Value"; Value = "LED 3 ly Single Colour"; VariantName = "[No Variations]"
Added Component: Designator=R6(RES-1/4W)
Add component (AddParameter): Name = "Class"; Value = "Passive"; VariantName = "[No Variations]"
Add component (AddParameter): Name = "Manufacturer"; Value = "Generic Components"; VariantName = "[No Variations]"
Add component (AddParameter): Name = "Published"; Value = "08/06/2000"; VariantName = "[No Variations]"
Add component (AddParameter): Name = "Publisher"; Value = "Altium Hobart Technology Centre"; VariantName = "[No Variations]"
Add component (AddParameter): Name = "SubClass"; Value = "R"; VariantName = "[No Variations]"
Added Component: Designator=R7(RES-1/4W)
Add component (AddParameter): Name = "Class"; Value = "Passive"; VariantName = "[No Variations]"
Add component (AddParameter): Name = "Manufacturer"; Value = "Generic Components"; VariantName = "[No Variations]"
Add component (AddParameter): Name = "Published"; Value = "08/06/2000"; VariantName = "[No Variations]"
Add component (AddParameter): Name = "Publisher"; Value = "Altium Hobart Technology Centre"; VariantName = "[No Variations]"
Add component (AddParameter): Name = "SubClass"; Value = "R"; VariantName = "[No Variations]"
Added Component: Designator=R8(RES-1/4W)
Add component (AddParameter): Name = "Class"; Value = "Passive"; VariantName = "[No Variations]"
Add component (AddParameter): Name = "Manufacturer"; Value = "Generic Components"; VariantName = "[No Variations]"
Add component (AddParameter): Name = "Published"; Value = "08/06/2000"; VariantName = "[No Variations]"
Add component (AddParameter): Name = "Publisher"; Value = "Altium Hobart Technology Centre"; VariantName = "[No Variations]"
Add component (AddParameter): Name = "SubClass"; Value = "R"; VariantName = "[No Variations]"
Added Component: Designator=R9(RES-1/4W)
Add component (AddParameter): Name = "Class"; Value = "Passive"; VariantName = "[No Variations]"
Add component (AddParameter): Name = "Manufacturer"; Value = "Generic Components"; VariantName = "[No Variations]"
Add component (AddParameter): Name = "Published"; Value = "08/06/2000"; VariantName = "[No Variations]"
Add component (AddParameter): Name = "Publisher"; Value = "Altium Hobart Technology Centre"; VariantName = "[No Variations]"
Add component (AddParameter): Name = "SubClass"; Value = "R"; VariantName = "[No Variations]"
Added Pin To Net: NetName=+3.3 Pin=R6-2
Added Pin To Net: NetName=+3.3 Pin=R7-2
Added Pin To Net: NetName=+3.3 Pin=R8-2
Added Pin To Net: NetName=+3.3 Pin=R9-2
Added Pin To Net: NetName=NetLED2_1 Pin=LED2-1
Added Pin To Net: NetName=NetLED2_1 Pin=R6-1
Added Net: Name=NetLED2_1
Added Pin To Net: NetName=NetLED3_1 Pin=LED3-1
Added Pin To Net: NetName=NetLED3_1 Pin=R7-1
Added Net: Name=NetLED3_1
Added Pin To Net: NetName=NetLED4_1 Pin=LED4-1
Added Pin To Net: NetName=NetLED4_1 Pin=R8-1
Added Net: Name=NetLED4_1
Added Pin To Net: NetName=NetLED5_1 Pin=LED5-1
Added Pin To Net: NetName=NetLED5_1 Pin=R9-1
Added Net: Name=NetLED5_1
Added Pin To Net: NetName=PB9 Pin=LED2-2
Added Pin To Net: NetName=PB9 Pin=U3-17
Added Net: Name=PB9
Added Pin To Net: NetName=PB12 Pin=LED3-2
Added Pin To Net: NetName=PB12 Pin=U3-1
Added Net: Name=PB12
Added Pin To Net: NetName=PB13 Pin=LED4-2
Added Pin To Net: NetName=PB13 Pin=U3-2
Added Net: Name=PB13
Added Pin To Net: NetName=PB14 Pin=LED5-2
Added Pin To Net: NetName=PB14 Pin=U3-3
Added Net: Name=PB14
Added Member To Class: ClassName=Schematic Member=Component LED2 LED
Added Member To Class: ClassName=Schematic Member=Component LED3 LED
Added Member To Class: ClassName=Schematic Member=Component LED4 LED
Added Member To Class: ClassName=Schematic Member=Component LED5 LED
Added Member To Class: ClassName=Schematic Member=Component R6 1K
Added Member To Class: ClassName=Schematic Member=Component R7 1K
Added Member To Class: ClassName=Schematic Member=Component R8 1K
Added Member To Class: ClassName=Schematic Member=Component R9 1K
Added Room: Name=Schematic
